

Started GET "/" for 127.0.0.1 at 2015-01-07 01:45:32 +0900

PG::ConnectionBad (could not connect to server: Connection refused (0x0000274D/10061)
	Is the server running on host "localhost" (::1) and accepting
	TCP/IP connections on port 5432?
could not connect to server: Connection refused (0x0000274D/10061)
	Is the server running on host "localhost" (127.0.0.1) and accepting
	TCP/IP connections on port 5432?
):
  activerecord (4.0.0) lib/active_record/connection_adapters/postgresql_adapter.rb:825:in `initialize'
  activerecord (4.0.0) lib/active_record/connection_adapters/postgresql_adapter.rb:825:in `new'
  activerecord (4.0.0) lib/active_record/connection_adapters/postgresql_adapter.rb:825:in `connect'
  activerecord (4.0.0) lib/active_record/connection_adapters/postgresql_adapter.rb:542:in `initialize'
  activerecord (4.0.0) lib/active_record/connection_adapters/postgresql_adapter.rb:41:in `new'
  activerecord (4.0.0) lib/active_record/connection_adapters/postgresql_adapter.rb:41:in `postgresql_connection'
  activerecord (4.0.0) lib/active_record/connection_adapters/abstract/connection_pool.rb:440:in `new_connection'
  activerecord (4.0.0) lib/active_record/connection_adapters/abstract/connection_pool.rb:450:in `checkout_new_connection'
  activerecord (4.0.0) lib/active_record/connection_adapters/abstract/connection_pool.rb:421:in `acquire_connection'
  activerecord (4.0.0) lib/active_record/connection_adapters/abstract/connection_pool.rb:356:in `block in checkout'
  c:/ProgramFiles/RailsInstaller/Ruby2.0.0/lib/ruby/2.0.0/monitor.rb:211:in `mon_synchronize'
  activerecord (4.0.0) lib/active_record/connection_adapters/abstract/connection_pool.rb:355:in `checkout'
  activerecord (4.0.0) lib/active_record/connection_adapters/abstract/connection_pool.rb:265:in `block in connection'
  c:/ProgramFiles/RailsInstaller/Ruby2.0.0/lib/ruby/2.0.0/monitor.rb:211:in `mon_synchronize'
  activerecord (4.0.0) lib/active_record/connection_adapters/abstract/connection_pool.rb:264:in `connection'
  activerecord (4.0.0) lib/active_record/connection_adapters/abstract/connection_pool.rb:546:in `retrieve_connection'
  activerecord (4.0.0) lib/active_record/connection_handling.rb:79:in `retrieve_connection'
  activerecord (4.0.0) lib/active_record/connection_handling.rb:53:in `connection'
  activerecord (4.0.0) lib/active_record/query_cache.rb:51:in `restore_query_cache_settings'
  activerecord (4.0.0) lib/active_record/query_cache.rb:43:in `rescue in call'
  activerecord (4.0.0) lib/active_record/query_cache.rb:32:in `call'
  activerecord (4.0.0) lib/active_record/connection_adapters/abstract/connection_pool.rb:626:in `call'
  activerecord (4.0.0) lib/active_record/migration.rb:369:in `call'
  actionpack (4.0.0) lib/action_dispatch/middleware/callbacks.rb:29:in `block in call'
  activesupport (4.0.0) lib/active_support/callbacks.rb:373:in `_run__222818221__call__callbacks'
  activesupport (4.0.0) lib/active_support/callbacks.rb:80:in `run_callbacks'
  actionpack (4.0.0) lib/action_dispatch/middleware/callbacks.rb:27:in `call'
  actionpack (4.0.0) lib/action_dispatch/middleware/reloader.rb:64:in `call'
  actionpack (4.0.0) lib/action_dispatch/middleware/remote_ip.rb:76:in `call'
  actionpack (4.0.0) lib/action_dispatch/middleware/debug_exceptions.rb:17:in `call'
  actionpack (4.0.0) lib/action_dispatch/middleware/show_exceptions.rb:30:in `call'
  railties (4.0.0) lib/rails/rack/logger.rb:38:in `call_app'
  railties (4.0.0) lib/rails/rack/logger.rb:21:in `block in call'
  activesupport (4.0.0) lib/active_support/tagged_logging.rb:67:in `block in tagged'
  activesupport (4.0.0) lib/active_support/tagged_logging.rb:25:in `tagged'
  activesupport (4.0.0) lib/active_support/tagged_logging.rb:67:in `tagged'
  railties (4.0.0) lib/rails/rack/logger.rb:21:in `call'
  actionpack (4.0.0) lib/action_dispatch/middleware/request_id.rb:21:in `call'
  rack (1.5.2) lib/rack/methodoverride.rb:21:in `call'
  rack (1.5.2) lib/rack/runtime.rb:17:in `call'
  activesupport (4.0.0) lib/active_support/cache/strategy/local_cache.rb:83:in `call'
  rack (1.5.2) lib/rack/lock.rb:17:in `call'
  actionpack (4.0.0) lib/action_dispatch/middleware/static.rb:64:in `call'
  railties (4.0.0) lib/rails/engine.rb:511:in `call'
  railties (4.0.0) lib/rails/application.rb:97:in `call'
  rack (1.5.2) lib/rack/lock.rb:17:in `call'
  rack (1.5.2) lib/rack/content_length.rb:14:in `call'
  rack (1.5.2) lib/rack/handler/webrick.rb:60:in `service'
  c:/ProgramFiles/RailsInstaller/Ruby2.0.0/lib/ruby/2.0.0/webrick/httpserver.rb:138:in `service'
  c:/ProgramFiles/RailsInstaller/Ruby2.0.0/lib/ruby/2.0.0/webrick/httpserver.rb:94:in `run'
  c:/ProgramFiles/RailsInstaller/Ruby2.0.0/lib/ruby/2.0.0/webrick/server.rb:295:in `block in start_thread'


  Rendered c:/ProgramFiles/RailsInstaller/Ruby2.0.0/lib/ruby/gems/2.0.0/gems/actionpack-4.0.0/lib/action_dispatch/middleware/templates/rescues/_source.erb (1.0ms)
  Rendered c:/ProgramFiles/RailsInstaller/Ruby2.0.0/lib/ruby/gems/2.0.0/gems/actionpack-4.0.0/lib/action_dispatch/middleware/templates/rescues/_trace.erb (13.0ms)
  Rendered c:/ProgramFiles/RailsInstaller/Ruby2.0.0/lib/ruby/gems/2.0.0/gems/actionpack-4.0.0/lib/action_dispatch/middleware/templates/rescues/_request_and_response.erb (0.0ms)
  Rendered c:/ProgramFiles/RailsInstaller/Ruby2.0.0/lib/ruby/gems/2.0.0/gems/actionpack-4.0.0/lib/action_dispatch/middleware/templates/rescues/diagnostics.erb within rescues/layout (74.3ms)


Started GET "/" for 127.0.0.1 at 2015-01-07 01:46:23 +0900

PG::ConnectionBad (could not connect to server: Connection refused (0x0000274D/10061)
	Is the server running on host "localhost" (::1) and accepting
	TCP/IP connections on port 5432?
could not connect to server: Connection refused (0x0000274D/10061)
	Is the server running on host "localhost" (127.0.0.1) and accepting
	TCP/IP connections on port 5432?
):
  activerecord (4.0.0) lib/active_record/connection_adapters/postgresql_adapter.rb:825:in `initialize'
  activerecord (4.0.0) lib/active_record/connection_adapters/postgresql_adapter.rb:825:in `new'
  activerecord (4.0.0) lib/active_record/connection_adapters/postgresql_adapter.rb:825:in `connect'
  activerecord (4.0.0) lib/active_record/connection_adapters/postgresql_adapter.rb:542:in `initialize'
  activerecord (4.0.0) lib/active_record/connection_adapters/postgresql_adapter.rb:41:in `new'
  activerecord (4.0.0) lib/active_record/connection_adapters/postgresql_adapter.rb:41:in `postgresql_connection'
  activerecord (4.0.0) lib/active_record/connection_adapters/abstract/connection_pool.rb:440:in `new_connection'
  activerecord (4.0.0) lib/active_record/connection_adapters/abstract/connection_pool.rb:450:in `checkout_new_connection'
  activerecord (4.0.0) lib/active_record/connection_adapters/abstract/connection_pool.rb:421:in `acquire_connection'
  activerecord (4.0.0) lib/active_record/connection_adapters/abstract/connection_pool.rb:356:in `block in checkout'
  c:/ProgramFiles/RailsInstaller/Ruby2.0.0/lib/ruby/2.0.0/monitor.rb:211:in `mon_synchronize'
  activerecord (4.0.0) lib/active_record/connection_adapters/abstract/connection_pool.rb:355:in `checkout'
  activerecord (4.0.0) lib/active_record/connection_adapters/abstract/connection_pool.rb:265:in `block in connection'
  c:/ProgramFiles/RailsInstaller/Ruby2.0.0/lib/ruby/2.0.0/monitor.rb:211:in `mon_synchronize'
  activerecord (4.0.0) lib/active_record/connection_adapters/abstract/connection_pool.rb:264:in `connection'
  activerecord (4.0.0) lib/active_record/connection_adapters/abstract/connection_pool.rb:546:in `retrieve_connection'
  activerecord (4.0.0) lib/active_record/connection_handling.rb:79:in `retrieve_connection'
  activerecord (4.0.0) lib/active_record/connection_handling.rb:53:in `connection'
  activerecord (4.0.0) lib/active_record/query_cache.rb:51:in `restore_query_cache_settings'
  activerecord (4.0.0) lib/active_record/query_cache.rb:43:in `rescue in call'
  activerecord (4.0.0) lib/active_record/query_cache.rb:32:in `call'
  activerecord (4.0.0) lib/active_record/connection_adapters/abstract/connection_pool.rb:626:in `call'
  activerecord (4.0.0) lib/active_record/migration.rb:369:in `call'
  actionpack (4.0.0) lib/action_dispatch/middleware/callbacks.rb:29:in `block in call'
  activesupport (4.0.0) lib/active_support/callbacks.rb:373:in `_run__285093065__call__callbacks'
  activesupport (4.0.0) lib/active_support/callbacks.rb:80:in `run_callbacks'
  actionpack (4.0.0) lib/action_dispatch/middleware/callbacks.rb:27:in `call'
  actionpack (4.0.0) lib/action_dispatch/middleware/reloader.rb:64:in `call'
  actionpack (4.0.0) lib/action_dispatch/middleware/remote_ip.rb:76:in `call'
  actionpack (4.0.0) lib/action_dispatch/middleware/debug_exceptions.rb:17:in `call'
  actionpack (4.0.0) lib/action_dispatch/middleware/show_exceptions.rb:30:in `call'
  railties (4.0.0) lib/rails/rack/logger.rb:38:in `call_app'
  railties (4.0.0) lib/rails/rack/logger.rb:21:in `block in call'
  activesupport (4.0.0) lib/active_support/tagged_logging.rb:67:in `block in tagged'
  activesupport (4.0.0) lib/active_support/tagged_logging.rb:25:in `tagged'
  activesupport (4.0.0) lib/active_support/tagged_logging.rb:67:in `tagged'
  railties (4.0.0) lib/rails/rack/logger.rb:21:in `call'
  actionpack (4.0.0) lib/action_dispatch/middleware/request_id.rb:21:in `call'
  rack (1.5.2) lib/rack/methodoverride.rb:21:in `call'
  rack (1.5.2) lib/rack/runtime.rb:17:in `call'
  activesupport (4.0.0) lib/active_support/cache/strategy/local_cache.rb:83:in `call'
  rack (1.5.2) lib/rack/lock.rb:17:in `call'
  actionpack (4.0.0) lib/action_dispatch/middleware/static.rb:64:in `call'
  railties (4.0.0) lib/rails/engine.rb:511:in `call'
  railties (4.0.0) lib/rails/application.rb:97:in `call'
  rack (1.5.2) lib/rack/lock.rb:17:in `call'
  rack (1.5.2) lib/rack/content_length.rb:14:in `call'
  rack (1.5.2) lib/rack/handler/webrick.rb:60:in `service'
  c:/ProgramFiles/RailsInstaller/Ruby2.0.0/lib/ruby/2.0.0/webrick/httpserver.rb:138:in `service'
  c:/ProgramFiles/RailsInstaller/Ruby2.0.0/lib/ruby/2.0.0/webrick/httpserver.rb:94:in `run'
  c:/ProgramFiles/RailsInstaller/Ruby2.0.0/lib/ruby/2.0.0/webrick/server.rb:295:in `block in start_thread'


  Rendered c:/ProgramFiles/RailsInstaller/Ruby2.0.0/lib/ruby/gems/2.0.0/gems/actionpack-4.0.0/lib/action_dispatch/middleware/templates/rescues/_source.erb (0.0ms)
  Rendered c:/ProgramFiles/RailsInstaller/Ruby2.0.0/lib/ruby/gems/2.0.0/gems/actionpack-4.0.0/lib/action_dispatch/middleware/templates/rescues/_trace.erb (0.0ms)
  Rendered c:/ProgramFiles/RailsInstaller/Ruby2.0.0/lib/ruby/gems/2.0.0/gems/actionpack-4.0.0/lib/action_dispatch/middleware/templates/rescues/_request_and_response.erb (0.0ms)
  Rendered c:/ProgramFiles/RailsInstaller/Ruby2.0.0/lib/ruby/gems/2.0.0/gems/actionpack-4.0.0/lib/action_dispatch/middleware/templates/rescues/diagnostics.erb within rescues/layout (21.0ms)


Started GET "/" for 127.0.0.1 at 2015-01-07 02:00:41 +0900

RuntimeError (YAML syntax error occurred while parsing c:/Users/akira/Documents/GitHub/dev/rails/helloworld/config/database.yml. Please note that YAML must be consistently indented using spaces. Tabs are not allowed. Error: (<unknown>): found character that cannot start any token while scanning for the next token at line 61 column 1):
  railties (4.0.0) lib/rails/application/configuration.rb:113:in `rescue in database_configuration'
  railties (4.0.0) lib/rails/application/configuration.rb:103:in `database_configuration'
  activerecord (4.0.0) lib/active_record/railtie.rb:174:in `block (2 levels) in <class:Railtie>'
  activesupport (4.0.0) lib/active_support/lazy_load_hooks.rb:38:in `instance_eval'
  activesupport (4.0.0) lib/active_support/lazy_load_hooks.rb:38:in `execute_hook'
  activesupport (4.0.0) lib/active_support/lazy_load_hooks.rb:45:in `block in run_load_hooks'
  activesupport (4.0.0) lib/active_support/lazy_load_hooks.rb:44:in `each'
  activesupport (4.0.0) lib/active_support/lazy_load_hooks.rb:44:in `run_load_hooks'
  activerecord (4.0.0) lib/active_record/base.rb:322:in `<module:ActiveRecord>'
  activerecord (4.0.0) lib/active_record/base.rb:22:in `<top (required)>'
  activerecord (4.0.0) lib/active_record/connection_adapters/abstract/connection_pool.rb:633:in `rescue in call'
  activerecord (4.0.0) lib/active_record/connection_adapters/abstract/connection_pool.rb:624:in `call'
  activerecord (4.0.0) lib/active_record/migration.rb:369:in `call'
  actionpack (4.0.0) lib/action_dispatch/middleware/callbacks.rb:29:in `block in call'
  activesupport (4.0.0) lib/active_support/callbacks.rb:373:in `_run__617321971__call__callbacks'
  activesupport (4.0.0) lib/active_support/callbacks.rb:80:in `run_callbacks'
  actionpack (4.0.0) lib/action_dispatch/middleware/callbacks.rb:27:in `call'
  actionpack (4.0.0) lib/action_dispatch/middleware/reloader.rb:64:in `call'
  actionpack (4.0.0) lib/action_dispatch/middleware/remote_ip.rb:76:in `call'
  actionpack (4.0.0) lib/action_dispatch/middleware/debug_exceptions.rb:17:in `call'
  actionpack (4.0.0) lib/action_dispatch/middleware/show_exceptions.rb:30:in `call'
  railties (4.0.0) lib/rails/rack/logger.rb:38:in `call_app'
  railties (4.0.0) lib/rails/rack/logger.rb:21:in `block in call'
  activesupport (4.0.0) lib/active_support/tagged_logging.rb:67:in `block in tagged'
  activesupport (4.0.0) lib/active_support/tagged_logging.rb:25:in `tagged'
  activesupport (4.0.0) lib/active_support/tagged_logging.rb:67:in `tagged'
  railties (4.0.0) lib/rails/rack/logger.rb:21:in `call'
  actionpack (4.0.0) lib/action_dispatch/middleware/request_id.rb:21:in `call'
  rack (1.5.2) lib/rack/methodoverride.rb:21:in `call'
  rack (1.5.2) lib/rack/runtime.rb:17:in `call'
  activesupport (4.0.0) lib/active_support/cache/strategy/local_cache.rb:83:in `call'
  rack (1.5.2) lib/rack/lock.rb:17:in `call'
  actionpack (4.0.0) lib/action_dispatch/middleware/static.rb:64:in `call'
  railties (4.0.0) lib/rails/engine.rb:511:in `call'
  railties (4.0.0) lib/rails/application.rb:97:in `call'
  rack (1.5.2) lib/rack/lock.rb:17:in `call'
  rack (1.5.2) lib/rack/content_length.rb:14:in `call'
  rack (1.5.2) lib/rack/handler/webrick.rb:60:in `service'
  c:/ProgramFiles/RailsInstaller/Ruby2.0.0/lib/ruby/2.0.0/webrick/httpserver.rb:138:in `service'
  c:/ProgramFiles/RailsInstaller/Ruby2.0.0/lib/ruby/2.0.0/webrick/httpserver.rb:94:in `run'
  c:/ProgramFiles/RailsInstaller/Ruby2.0.0/lib/ruby/2.0.0/webrick/server.rb:295:in `block in start_thread'


  Rendered c:/ProgramFiles/RailsInstaller/Ruby2.0.0/lib/ruby/gems/2.0.0/gems/actionpack-4.0.0/lib/action_dispatch/middleware/templates/rescues/_source.erb (0.0ms)
  Rendered c:/ProgramFiles/RailsInstaller/Ruby2.0.0/lib/ruby/gems/2.0.0/gems/actionpack-4.0.0/lib/action_dispatch/middleware/templates/rescues/_trace.erb (0.0ms)
  Rendered c:/ProgramFiles/RailsInstaller/Ruby2.0.0/lib/ruby/gems/2.0.0/gems/actionpack-4.0.0/lib/action_dispatch/middleware/templates/rescues/_request_and_response.erb (1.0ms)
  Rendered c:/ProgramFiles/RailsInstaller/Ruby2.0.0/lib/ruby/gems/2.0.0/gems/actionpack-4.0.0/lib/action_dispatch/middleware/templates/rescues/diagnostics.erb within rescues/layout (21.4ms)


Started GET "/" for 127.0.0.1 at 2015-01-07 02:01:53 +0900

PG::ConnectionBad (could not connect to server: Connection refused (0x0000274D/10061)
	Is the server running on host "localhost" (::1) and accepting
	TCP/IP connections on port 5432?
could not connect to server: Connection refused (0x0000274D/10061)
	Is the server running on host "localhost" (127.0.0.1) and accepting
	TCP/IP connections on port 5432?
):
  activerecord (4.0.0) lib/active_record/connection_adapters/postgresql_adapter.rb:825:in `initialize'
  activerecord (4.0.0) lib/active_record/connection_adapters/postgresql_adapter.rb:825:in `new'
  activerecord (4.0.0) lib/active_record/connection_adapters/postgresql_adapter.rb:825:in `connect'
  activerecord (4.0.0) lib/active_record/connection_adapters/postgresql_adapter.rb:542:in `initialize'
  activerecord (4.0.0) lib/active_record/connection_adapters/postgresql_adapter.rb:41:in `new'
  activerecord (4.0.0) lib/active_record/connection_adapters/postgresql_adapter.rb:41:in `postgresql_connection'
  activerecord (4.0.0) lib/active_record/connection_adapters/abstract/connection_pool.rb:440:in `new_connection'
  activerecord (4.0.0) lib/active_record/connection_adapters/abstract/connection_pool.rb:450:in `checkout_new_connection'
  activerecord (4.0.0) lib/active_record/connection_adapters/abstract/connection_pool.rb:421:in `acquire_connection'
  activerecord (4.0.0) lib/active_record/connection_adapters/abstract/connection_pool.rb:356:in `block in checkout'
  c:/ProgramFiles/RailsInstaller/Ruby2.0.0/lib/ruby/2.0.0/monitor.rb:211:in `mon_synchronize'
  activerecord (4.0.0) lib/active_record/connection_adapters/abstract/connection_pool.rb:355:in `checkout'
  activerecord (4.0.0) lib/active_record/connection_adapters/abstract/connection_pool.rb:265:in `block in connection'
  c:/ProgramFiles/RailsInstaller/Ruby2.0.0/lib/ruby/2.0.0/monitor.rb:211:in `mon_synchronize'
  activerecord (4.0.0) lib/active_record/connection_adapters/abstract/connection_pool.rb:264:in `connection'
  activerecord (4.0.0) lib/active_record/connection_adapters/abstract/connection_pool.rb:546:in `retrieve_connection'
  activerecord (4.0.0) lib/active_record/connection_handling.rb:79:in `retrieve_connection'
  activerecord (4.0.0) lib/active_record/connection_handling.rb:53:in `connection'
  activerecord (4.0.0) lib/active_record/query_cache.rb:51:in `restore_query_cache_settings'
  activerecord (4.0.0) lib/active_record/query_cache.rb:43:in `rescue in call'
  activerecord (4.0.0) lib/active_record/query_cache.rb:32:in `call'
  activerecord (4.0.0) lib/active_record/connection_adapters/abstract/connection_pool.rb:626:in `call'
  activerecord (4.0.0) lib/active_record/migration.rb:369:in `call'
  actionpack (4.0.0) lib/action_dispatch/middleware/callbacks.rb:29:in `block in call'
  activesupport (4.0.0) lib/active_support/callbacks.rb:373:in `_run__250464722__call__callbacks'
  activesupport (4.0.0) lib/active_support/callbacks.rb:80:in `run_callbacks'
  actionpack (4.0.0) lib/action_dispatch/middleware/callbacks.rb:27:in `call'
  actionpack (4.0.0) lib/action_dispatch/middleware/reloader.rb:64:in `call'
  actionpack (4.0.0) lib/action_dispatch/middleware/remote_ip.rb:76:in `call'
  actionpack (4.0.0) lib/action_dispatch/middleware/debug_exceptions.rb:17:in `call'
  actionpack (4.0.0) lib/action_dispatch/middleware/show_exceptions.rb:30:in `call'
  railties (4.0.0) lib/rails/rack/logger.rb:38:in `call_app'
  railties (4.0.0) lib/rails/rack/logger.rb:21:in `block in call'
  activesupport (4.0.0) lib/active_support/tagged_logging.rb:67:in `block in tagged'
  activesupport (4.0.0) lib/active_support/tagged_logging.rb:25:in `tagged'
  activesupport (4.0.0) lib/active_support/tagged_logging.rb:67:in `tagged'
  railties (4.0.0) lib/rails/rack/logger.rb:21:in `call'
  actionpack (4.0.0) lib/action_dispatch/middleware/request_id.rb:21:in `call'
  rack (1.5.2) lib/rack/methodoverride.rb:21:in `call'
  rack (1.5.2) lib/rack/runtime.rb:17:in `call'
  activesupport (4.0.0) lib/active_support/cache/strategy/local_cache.rb:83:in `call'
  rack (1.5.2) lib/rack/lock.rb:17:in `call'
  actionpack (4.0.0) lib/action_dispatch/middleware/static.rb:64:in `call'
  railties (4.0.0) lib/rails/engine.rb:511:in `call'
  railties (4.0.0) lib/rails/application.rb:97:in `call'
  rack (1.5.2) lib/rack/lock.rb:17:in `call'
  rack (1.5.2) lib/rack/content_length.rb:14:in `call'
  rack (1.5.2) lib/rack/handler/webrick.rb:60:in `service'
  c:/ProgramFiles/RailsInstaller/Ruby2.0.0/lib/ruby/2.0.0/webrick/httpserver.rb:138:in `service'
  c:/ProgramFiles/RailsInstaller/Ruby2.0.0/lib/ruby/2.0.0/webrick/httpserver.rb:94:in `run'
  c:/ProgramFiles/RailsInstaller/Ruby2.0.0/lib/ruby/2.0.0/webrick/server.rb:295:in `block in start_thread'


  Rendered c:/ProgramFiles/RailsInstaller/Ruby2.0.0/lib/ruby/gems/2.0.0/gems/actionpack-4.0.0/lib/action_dispatch/middleware/templates/rescues/_source.erb (0.0ms)
  Rendered c:/ProgramFiles/RailsInstaller/Ruby2.0.0/lib/ruby/gems/2.0.0/gems/actionpack-4.0.0/lib/action_dispatch/middleware/templates/rescues/_trace.erb (1.0ms)
  Rendered c:/ProgramFiles/RailsInstaller/Ruby2.0.0/lib/ruby/gems/2.0.0/gems/actionpack-4.0.0/lib/action_dispatch/middleware/templates/rescues/_request_and_response.erb (1.0ms)
  Rendered c:/ProgramFiles/RailsInstaller/Ruby2.0.0/lib/ruby/gems/2.0.0/gems/actionpack-4.0.0/lib/action_dispatch/middleware/templates/rescues/diagnostics.erb within rescues/layout (35.0ms)


Started GET "/" for 127.0.0.1 at 2015-01-07 02:03:02 +0900

PG::ConnectionBad (could not connect to server: Connection refused (0x0000274D/10061)
	Is the server running on host "localhost" (::1) and accepting
	TCP/IP connections on port 5432?
could not connect to server: Connection refused (0x0000274D/10061)
	Is the server running on host "localhost" (127.0.0.1) and accepting
	TCP/IP connections on port 5432?
):
  activerecord (4.0.0) lib/active_record/connection_adapters/postgresql_adapter.rb:825:in `initialize'
  activerecord (4.0.0) lib/active_record/connection_adapters/postgresql_adapter.rb:825:in `new'
  activerecord (4.0.0) lib/active_record/connection_adapters/postgresql_adapter.rb:825:in `connect'
  activerecord (4.0.0) lib/active_record/connection_adapters/postgresql_adapter.rb:542:in `initialize'
  activerecord (4.0.0) lib/active_record/connection_adapters/postgresql_adapter.rb:41:in `new'
  activerecord (4.0.0) lib/active_record/connection_adapters/postgresql_adapter.rb:41:in `postgresql_connection'
  activerecord (4.0.0) lib/active_record/connection_adapters/abstract/connection_pool.rb:440:in `new_connection'
  activerecord (4.0.0) lib/active_record/connection_adapters/abstract/connection_pool.rb:450:in `checkout_new_connection'
  activerecord (4.0.0) lib/active_record/connection_adapters/abstract/connection_pool.rb:421:in `acquire_connection'
  activerecord (4.0.0) lib/active_record/connection_adapters/abstract/connection_pool.rb:356:in `block in checkout'
  c:/ProgramFiles/RailsInstaller/Ruby2.0.0/lib/ruby/2.0.0/monitor.rb:211:in `mon_synchronize'
  activerecord (4.0.0) lib/active_record/connection_adapters/abstract/connection_pool.rb:355:in `checkout'
  activerecord (4.0.0) lib/active_record/connection_adapters/abstract/connection_pool.rb:265:in `block in connection'
  c:/ProgramFiles/RailsInstaller/Ruby2.0.0/lib/ruby/2.0.0/monitor.rb:211:in `mon_synchronize'
  activerecord (4.0.0) lib/active_record/connection_adapters/abstract/connection_pool.rb:264:in `connection'
  activerecord (4.0.0) lib/active_record/connection_adapters/abstract/connection_pool.rb:546:in `retrieve_connection'
  activerecord (4.0.0) lib/active_record/connection_handling.rb:79:in `retrieve_connection'
  activerecord (4.0.0) lib/active_record/connection_handling.rb:53:in `connection'
  activerecord (4.0.0) lib/active_record/query_cache.rb:51:in `restore_query_cache_settings'
  activerecord (4.0.0) lib/active_record/query_cache.rb:43:in `rescue in call'
  activerecord (4.0.0) lib/active_record/query_cache.rb:32:in `call'
  activerecord (4.0.0) lib/active_record/connection_adapters/abstract/connection_pool.rb:626:in `call'
  activerecord (4.0.0) lib/active_record/migration.rb:369:in `call'
  actionpack (4.0.0) lib/action_dispatch/middleware/callbacks.rb:29:in `block in call'
  activesupport (4.0.0) lib/active_support/callbacks.rb:373:in `_run__396236382__call__callbacks'
  activesupport (4.0.0) lib/active_support/callbacks.rb:80:in `run_callbacks'
  actionpack (4.0.0) lib/action_dispatch/middleware/callbacks.rb:27:in `call'
  actionpack (4.0.0) lib/action_dispatch/middleware/reloader.rb:64:in `call'
  actionpack (4.0.0) lib/action_dispatch/middleware/remote_ip.rb:76:in `call'
  actionpack (4.0.0) lib/action_dispatch/middleware/debug_exceptions.rb:17:in `call'
  actionpack (4.0.0) lib/action_dispatch/middleware/show_exceptions.rb:30:in `call'
  railties (4.0.0) lib/rails/rack/logger.rb:38:in `call_app'
  railties (4.0.0) lib/rails/rack/logger.rb:21:in `block in call'
  activesupport (4.0.0) lib/active_support/tagged_logging.rb:67:in `block in tagged'
  activesupport (4.0.0) lib/active_support/tagged_logging.rb:25:in `tagged'
  activesupport (4.0.0) lib/active_support/tagged_logging.rb:67:in `tagged'
  railties (4.0.0) lib/rails/rack/logger.rb:21:in `call'
  actionpack (4.0.0) lib/action_dispatch/middleware/request_id.rb:21:in `call'
  rack (1.5.2) lib/rack/methodoverride.rb:21:in `call'
  rack (1.5.2) lib/rack/runtime.rb:17:in `call'
  activesupport (4.0.0) lib/active_support/cache/strategy/local_cache.rb:83:in `call'
  rack (1.5.2) lib/rack/lock.rb:17:in `call'
  actionpack (4.0.0) lib/action_dispatch/middleware/static.rb:64:in `call'
  railties (4.0.0) lib/rails/engine.rb:511:in `call'
  railties (4.0.0) lib/rails/application.rb:97:in `call'
  rack (1.5.2) lib/rack/lock.rb:17:in `call'
  rack (1.5.2) lib/rack/content_length.rb:14:in `call'
  rack (1.5.2) lib/rack/handler/webrick.rb:60:in `service'
  c:/ProgramFiles/RailsInstaller/Ruby2.0.0/lib/ruby/2.0.0/webrick/httpserver.rb:138:in `service'
  c:/ProgramFiles/RailsInstaller/Ruby2.0.0/lib/ruby/2.0.0/webrick/httpserver.rb:94:in `run'
  c:/ProgramFiles/RailsInstaller/Ruby2.0.0/lib/ruby/2.0.0/webrick/server.rb:295:in `block in start_thread'


  Rendered c:/ProgramFiles/RailsInstaller/Ruby2.0.0/lib/ruby/gems/2.0.0/gems/actionpack-4.0.0/lib/action_dispatch/middleware/templates/rescues/_source.erb (1.0ms)
  Rendered c:/ProgramFiles/RailsInstaller/Ruby2.0.0/lib/ruby/gems/2.0.0/gems/actionpack-4.0.0/lib/action_dispatch/middleware/templates/rescues/_trace.erb (0.0ms)
  Rendered c:/ProgramFiles/RailsInstaller/Ruby2.0.0/lib/ruby/gems/2.0.0/gems/actionpack-4.0.0/lib/action_dispatch/middleware/templates/rescues/_request_and_response.erb (0.0ms)
  Rendered c:/ProgramFiles/RailsInstaller/Ruby2.0.0/lib/ruby/gems/2.0.0/gems/actionpack-4.0.0/lib/action_dispatch/middleware/templates/rescues/diagnostics.erb within rescues/layout (22.9ms)


Started GET "/" for 127.0.0.1 at 2015-01-07 02:03:27 +0900

PG::ConnectionBad (could not connect to server: Connection refused (0x0000274D/10061)
	Is the server running on host "localhost" (::1) and accepting
	TCP/IP connections on port 5432?
could not connect to server: Connection refused (0x0000274D/10061)
	Is the server running on host "localhost" (127.0.0.1) and accepting
	TCP/IP connections on port 5432?
):
  activerecord (4.0.0) lib/active_record/connection_adapters/postgresql_adapter.rb:825:in `initialize'
  activerecord (4.0.0) lib/active_record/connection_adapters/postgresql_adapter.rb:825:in `new'
  activerecord (4.0.0) lib/active_record/connection_adapters/postgresql_adapter.rb:825:in `connect'
  activerecord (4.0.0) lib/active_record/connection_adapters/postgresql_adapter.rb:542:in `initialize'
  activerecord (4.0.0) lib/active_record/connection_adapters/postgresql_adapter.rb:41:in `new'
  activerecord (4.0.0) lib/active_record/connection_adapters/postgresql_adapter.rb:41:in `postgresql_connection'
  activerecord (4.0.0) lib/active_record/connection_adapters/abstract/connection_pool.rb:440:in `new_connection'
  activerecord (4.0.0) lib/active_record/connection_adapters/abstract/connection_pool.rb:450:in `checkout_new_connection'
  activerecord (4.0.0) lib/active_record/connection_adapters/abstract/connection_pool.rb:421:in `acquire_connection'
  activerecord (4.0.0) lib/active_record/connection_adapters/abstract/connection_pool.rb:356:in `block in checkout'
  c:/ProgramFiles/RailsInstaller/Ruby2.0.0/lib/ruby/2.0.0/monitor.rb:211:in `mon_synchronize'
  activerecord (4.0.0) lib/active_record/connection_adapters/abstract/connection_pool.rb:355:in `checkout'
  activerecord (4.0.0) lib/active_record/connection_adapters/abstract/connection_pool.rb:265:in `block in connection'
  c:/ProgramFiles/RailsInstaller/Ruby2.0.0/lib/ruby/2.0.0/monitor.rb:211:in `mon_synchronize'
  activerecord (4.0.0) lib/active_record/connection_adapters/abstract/connection_pool.rb:264:in `connection'
  activerecord (4.0.0) lib/active_record/connection_adapters/abstract/connection_pool.rb:546:in `retrieve_connection'
  activerecord (4.0.0) lib/active_record/connection_handling.rb:79:in `retrieve_connection'
  activerecord (4.0.0) lib/active_record/connection_handling.rb:53:in `connection'
  activerecord (4.0.0) lib/active_record/query_cache.rb:51:in `restore_query_cache_settings'
  activerecord (4.0.0) lib/active_record/query_cache.rb:43:in `rescue in call'
  activerecord (4.0.0) lib/active_record/query_cache.rb:32:in `call'
  activerecord (4.0.0) lib/active_record/connection_adapters/abstract/connection_pool.rb:626:in `call'
  activerecord (4.0.0) lib/active_record/migration.rb:369:in `call'
  actionpack (4.0.0) lib/action_dispatch/middleware/callbacks.rb:29:in `block in call'
  activesupport (4.0.0) lib/active_support/callbacks.rb:373:in `_run__1062670387__call__callbacks'
  activesupport (4.0.0) lib/active_support/callbacks.rb:80:in `run_callbacks'
  actionpack (4.0.0) lib/action_dispatch/middleware/callbacks.rb:27:in `call'
  actionpack (4.0.0) lib/action_dispatch/middleware/reloader.rb:64:in `call'
  actionpack (4.0.0) lib/action_dispatch/middleware/remote_ip.rb:76:in `call'
  actionpack (4.0.0) lib/action_dispatch/middleware/debug_exceptions.rb:17:in `call'
  actionpack (4.0.0) lib/action_dispatch/middleware/show_exceptions.rb:30:in `call'
  railties (4.0.0) lib/rails/rack/logger.rb:38:in `call_app'
  railties (4.0.0) lib/rails/rack/logger.rb:21:in `block in call'
  activesupport (4.0.0) lib/active_support/tagged_logging.rb:67:in `block in tagged'
  activesupport (4.0.0) lib/active_support/tagged_logging.rb:25:in `tagged'
  activesupport (4.0.0) lib/active_support/tagged_logging.rb:67:in `tagged'
  railties (4.0.0) lib/rails/rack/logger.rb:21:in `call'
  actionpack (4.0.0) lib/action_dispatch/middleware/request_id.rb:21:in `call'
  rack (1.5.2) lib/rack/methodoverride.rb:21:in `call'
  rack (1.5.2) lib/rack/runtime.rb:17:in `call'
  activesupport (4.0.0) lib/active_support/cache/strategy/local_cache.rb:83:in `call'
  rack (1.5.2) lib/rack/lock.rb:17:in `call'
  actionpack (4.0.0) lib/action_dispatch/middleware/static.rb:64:in `call'
  railties (4.0.0) lib/rails/engine.rb:511:in `call'
  railties (4.0.0) lib/rails/application.rb:97:in `call'
  rack (1.5.2) lib/rack/lock.rb:17:in `call'
  rack (1.5.2) lib/rack/content_length.rb:14:in `call'
  rack (1.5.2) lib/rack/handler/webrick.rb:60:in `service'
  c:/ProgramFiles/RailsInstaller/Ruby2.0.0/lib/ruby/2.0.0/webrick/httpserver.rb:138:in `service'
  c:/ProgramFiles/RailsInstaller/Ruby2.0.0/lib/ruby/2.0.0/webrick/httpserver.rb:94:in `run'
  c:/ProgramFiles/RailsInstaller/Ruby2.0.0/lib/ruby/2.0.0/webrick/server.rb:295:in `block in start_thread'


  Rendered c:/ProgramFiles/RailsInstaller/Ruby2.0.0/lib/ruby/gems/2.0.0/gems/actionpack-4.0.0/lib/action_dispatch/middleware/templates/rescues/_source.erb (0.0ms)
  Rendered c:/ProgramFiles/RailsInstaller/Ruby2.0.0/lib/ruby/gems/2.0.0/gems/actionpack-4.0.0/lib/action_dispatch/middleware/templates/rescues/_trace.erb (0.0ms)
  Rendered c:/ProgramFiles/RailsInstaller/Ruby2.0.0/lib/ruby/gems/2.0.0/gems/actionpack-4.0.0/lib/action_dispatch/middleware/templates/rescues/_request_and_response.erb (0.0ms)
  Rendered c:/ProgramFiles/RailsInstaller/Ruby2.0.0/lib/ruby/gems/2.0.0/gems/actionpack-4.0.0/lib/action_dispatch/middleware/templates/rescues/diagnostics.erb within rescues/layout (15.6ms)


Started GET "/" for 127.0.0.1 at 2015-01-07 02:04:21 +0900

PG::ConnectionBad (could not connect to server: Connection refused (0x0000274D/10061)
	Is the server running on host "localhost" (::1) and accepting
	TCP/IP connections on port 5432?
could not connect to server: Connection refused (0x0000274D/10061)
	Is the server running on host "localhost" (127.0.0.1) and accepting
	TCP/IP connections on port 5432?
):
  activerecord (4.0.0) lib/active_record/connection_adapters/postgresql_adapter.rb:825:in `initialize'
  activerecord (4.0.0) lib/active_record/connection_adapters/postgresql_adapter.rb:825:in `new'
  activerecord (4.0.0) lib/active_record/connection_adapters/postgresql_adapter.rb:825:in `connect'
  activerecord (4.0.0) lib/active_record/connection_adapters/postgresql_adapter.rb:542:in `initialize'
  activerecord (4.0.0) lib/active_record/connection_adapters/postgresql_adapter.rb:41:in `new'
  activerecord (4.0.0) lib/active_record/connection_adapters/postgresql_adapter.rb:41:in `postgresql_connection'
  activerecord (4.0.0) lib/active_record/connection_adapters/abstract/connection_pool.rb:440:in `new_connection'
  activerecord (4.0.0) lib/active_record/connection_adapters/abstract/connection_pool.rb:450:in `checkout_new_connection'
  activerecord (4.0.0) lib/active_record/connection_adapters/abstract/connection_pool.rb:421:in `acquire_connection'
  activerecord (4.0.0) lib/active_record/connection_adapters/abstract/connection_pool.rb:356:in `block in checkout'
  c:/ProgramFiles/RailsInstaller/Ruby2.0.0/lib/ruby/2.0.0/monitor.rb:211:in `mon_synchronize'
  activerecord (4.0.0) lib/active_record/connection_adapters/abstract/connection_pool.rb:355:in `checkout'
  activerecord (4.0.0) lib/active_record/connection_adapters/abstract/connection_pool.rb:265:in `block in connection'
  c:/ProgramFiles/RailsInstaller/Ruby2.0.0/lib/ruby/2.0.0/monitor.rb:211:in `mon_synchronize'
  activerecord (4.0.0) lib/active_record/connection_adapters/abstract/connection_pool.rb:264:in `connection'
  activerecord (4.0.0) lib/active_record/connection_adapters/abstract/connection_pool.rb:546:in `retrieve_connection'
  activerecord (4.0.0) lib/active_record/connection_handling.rb:79:in `retrieve_connection'
  activerecord (4.0.0) lib/active_record/connection_handling.rb:53:in `connection'
  activerecord (4.0.0) lib/active_record/query_cache.rb:51:in `restore_query_cache_settings'
  activerecord (4.0.0) lib/active_record/query_cache.rb:43:in `rescue in call'
  activerecord (4.0.0) lib/active_record/query_cache.rb:32:in `call'
  activerecord (4.0.0) lib/active_record/connection_adapters/abstract/connection_pool.rb:626:in `call'
  activerecord (4.0.0) lib/active_record/migration.rb:369:in `call'
  actionpack (4.0.0) lib/action_dispatch/middleware/callbacks.rb:29:in `block in call'
  activesupport (4.0.0) lib/active_support/callbacks.rb:373:in `_run__568860059__call__callbacks'
  activesupport (4.0.0) lib/active_support/callbacks.rb:80:in `run_callbacks'
  actionpack (4.0.0) lib/action_dispatch/middleware/callbacks.rb:27:in `call'
  actionpack (4.0.0) lib/action_dispatch/middleware/reloader.rb:64:in `call'
  actionpack (4.0.0) lib/action_dispatch/middleware/remote_ip.rb:76:in `call'
  actionpack (4.0.0) lib/action_dispatch/middleware/debug_exceptions.rb:17:in `call'
  actionpack (4.0.0) lib/action_dispatch/middleware/show_exceptions.rb:30:in `call'
  railties (4.0.0) lib/rails/rack/logger.rb:38:in `call_app'
  railties (4.0.0) lib/rails/rack/logger.rb:21:in `block in call'
  activesupport (4.0.0) lib/active_support/tagged_logging.rb:67:in `block in tagged'
  activesupport (4.0.0) lib/active_support/tagged_logging.rb:25:in `tagged'
  activesupport (4.0.0) lib/active_support/tagged_logging.rb:67:in `tagged'
  railties (4.0.0) lib/rails/rack/logger.rb:21:in `call'
  actionpack (4.0.0) lib/action_dispatch/middleware/request_id.rb:21:in `call'
  rack (1.5.2) lib/rack/methodoverride.rb:21:in `call'
  rack (1.5.2) lib/rack/runtime.rb:17:in `call'
  activesupport (4.0.0) lib/active_support/cache/strategy/local_cache.rb:83:in `call'
  rack (1.5.2) lib/rack/lock.rb:17:in `call'
  actionpack (4.0.0) lib/action_dispatch/middleware/static.rb:64:in `call'
  railties (4.0.0) lib/rails/engine.rb:511:in `call'
  railties (4.0.0) lib/rails/application.rb:97:in `call'
  rack (1.5.2) lib/rack/lock.rb:17:in `call'
  rack (1.5.2) lib/rack/content_length.rb:14:in `call'
  rack (1.5.2) lib/rack/handler/webrick.rb:60:in `service'
  c:/ProgramFiles/RailsInstaller/Ruby2.0.0/lib/ruby/2.0.0/webrick/httpserver.rb:138:in `service'
  c:/ProgramFiles/RailsInstaller/Ruby2.0.0/lib/ruby/2.0.0/webrick/httpserver.rb:94:in `run'
  c:/ProgramFiles/RailsInstaller/Ruby2.0.0/lib/ruby/2.0.0/webrick/server.rb:295:in `block in start_thread'


  Rendered c:/ProgramFiles/RailsInstaller/Ruby2.0.0/lib/ruby/gems/2.0.0/gems/actionpack-4.0.0/lib/action_dispatch/middleware/templates/rescues/_source.erb (0.0ms)
  Rendered c:/ProgramFiles/RailsInstaller/Ruby2.0.0/lib/ruby/gems/2.0.0/gems/actionpack-4.0.0/lib/action_dispatch/middleware/templates/rescues/_trace.erb (1.0ms)
  Rendered c:/ProgramFiles/RailsInstaller/Ruby2.0.0/lib/ruby/gems/2.0.0/gems/actionpack-4.0.0/lib/action_dispatch/middleware/templates/rescues/_request_and_response.erb (1.0ms)
  Rendered c:/ProgramFiles/RailsInstaller/Ruby2.0.0/lib/ruby/gems/2.0.0/gems/actionpack-4.0.0/lib/action_dispatch/middleware/templates/rescues/diagnostics.erb within rescues/layout (21.7ms)


Started GET "/" for 127.0.0.1 at 2015-01-07 02:10:38 +0900

PG::ConnectionBad (could not connect to server: Connection refused (0x0000274D/10061)
	Is the server running on host "localhost" (::1) and accepting
	TCP/IP connections on port 5432?
could not connect to server: Connection refused (0x0000274D/10061)
	Is the server running on host "localhost" (127.0.0.1) and accepting
	TCP/IP connections on port 5432?
):
  activerecord (4.0.0) lib/active_record/connection_adapters/postgresql_adapter.rb:825:in `initialize'
  activerecord (4.0.0) lib/active_record/connection_adapters/postgresql_adapter.rb:825:in `new'
  activerecord (4.0.0) lib/active_record/connection_adapters/postgresql_adapter.rb:825:in `connect'
  activerecord (4.0.0) lib/active_record/connection_adapters/postgresql_adapter.rb:542:in `initialize'
  activerecord (4.0.0) lib/active_record/connection_adapters/postgresql_adapter.rb:41:in `new'
  activerecord (4.0.0) lib/active_record/connection_adapters/postgresql_adapter.rb:41:in `postgresql_connection'
  activerecord (4.0.0) lib/active_record/connection_adapters/abstract/connection_pool.rb:440:in `new_connection'
  activerecord (4.0.0) lib/active_record/connection_adapters/abstract/connection_pool.rb:450:in `checkout_new_connection'
  activerecord (4.0.0) lib/active_record/connection_adapters/abstract/connection_pool.rb:421:in `acquire_connection'
  activerecord (4.0.0) lib/active_record/connection_adapters/abstract/connection_pool.rb:356:in `block in checkout'
  c:/ProgramFiles/RailsInstaller/Ruby2.0.0/lib/ruby/2.0.0/monitor.rb:211:in `mon_synchronize'
  activerecord (4.0.0) lib/active_record/connection_adapters/abstract/connection_pool.rb:355:in `checkout'
  activerecord (4.0.0) lib/active_record/connection_adapters/abstract/connection_pool.rb:265:in `block in connection'
  c:/ProgramFiles/RailsInstaller/Ruby2.0.0/lib/ruby/2.0.0/monitor.rb:211:in `mon_synchronize'
  activerecord (4.0.0) lib/active_record/connection_adapters/abstract/connection_pool.rb:264:in `connection'
  activerecord (4.0.0) lib/active_record/connection_adapters/abstract/connection_pool.rb:546:in `retrieve_connection'
  activerecord (4.0.0) lib/active_record/connection_handling.rb:79:in `retrieve_connection'
  activerecord (4.0.0) lib/active_record/connection_handling.rb:53:in `connection'
  activerecord (4.0.0) lib/active_record/query_cache.rb:51:in `restore_query_cache_settings'
  activerecord (4.0.0) lib/active_record/query_cache.rb:43:in `rescue in call'
  activerecord (4.0.0) lib/active_record/query_cache.rb:32:in `call'
  activerecord (4.0.0) lib/active_record/connection_adapters/abstract/connection_pool.rb:626:in `call'
  activerecord (4.0.0) lib/active_record/migration.rb:369:in `call'
  actionpack (4.0.0) lib/action_dispatch/middleware/callbacks.rb:29:in `block in call'
  activesupport (4.0.0) lib/active_support/callbacks.rb:373:in `_run__864994171__call__callbacks'
  activesupport (4.0.0) lib/active_support/callbacks.rb:80:in `run_callbacks'
  actionpack (4.0.0) lib/action_dispatch/middleware/callbacks.rb:27:in `call'
  actionpack (4.0.0) lib/action_dispatch/middleware/reloader.rb:64:in `call'
  actionpack (4.0.0) lib/action_dispatch/middleware/remote_ip.rb:76:in `call'
  actionpack (4.0.0) lib/action_dispatch/middleware/debug_exceptions.rb:17:in `call'
  actionpack (4.0.0) lib/action_dispatch/middleware/show_exceptions.rb:30:in `call'
  railties (4.0.0) lib/rails/rack/logger.rb:38:in `call_app'
  railties (4.0.0) lib/rails/rack/logger.rb:21:in `block in call'
  activesupport (4.0.0) lib/active_support/tagged_logging.rb:67:in `block in tagged'
  activesupport (4.0.0) lib/active_support/tagged_logging.rb:25:in `tagged'
  activesupport (4.0.0) lib/active_support/tagged_logging.rb:67:in `tagged'
  railties (4.0.0) lib/rails/rack/logger.rb:21:in `call'
  actionpack (4.0.0) lib/action_dispatch/middleware/request_id.rb:21:in `call'
  rack (1.5.2) lib/rack/methodoverride.rb:21:in `call'
  rack (1.5.2) lib/rack/runtime.rb:17:in `call'
  activesupport (4.0.0) lib/active_support/cache/strategy/local_cache.rb:83:in `call'
  rack (1.5.2) lib/rack/lock.rb:17:in `call'
  actionpack (4.0.0) lib/action_dispatch/middleware/static.rb:64:in `call'
  railties (4.0.0) lib/rails/engine.rb:511:in `call'
  railties (4.0.0) lib/rails/application.rb:97:in `call'
  rack (1.5.2) lib/rack/lock.rb:17:in `call'
  rack (1.5.2) lib/rack/content_length.rb:14:in `call'
  rack (1.5.2) lib/rack/handler/webrick.rb:60:in `service'
  c:/ProgramFiles/RailsInstaller/Ruby2.0.0/lib/ruby/2.0.0/webrick/httpserver.rb:138:in `service'
  c:/ProgramFiles/RailsInstaller/Ruby2.0.0/lib/ruby/2.0.0/webrick/httpserver.rb:94:in `run'
  c:/ProgramFiles/RailsInstaller/Ruby2.0.0/lib/ruby/2.0.0/webrick/server.rb:295:in `block in start_thread'


  Rendered c:/ProgramFiles/RailsInstaller/Ruby2.0.0/lib/ruby/gems/2.0.0/gems/actionpack-4.0.0/lib/action_dispatch/middleware/templates/rescues/_source.erb (1.0ms)
  Rendered c:/ProgramFiles/RailsInstaller/Ruby2.0.0/lib/ruby/gems/2.0.0/gems/actionpack-4.0.0/lib/action_dispatch/middleware/templates/rescues/_trace.erb (1.0ms)
  Rendered c:/ProgramFiles/RailsInstaller/Ruby2.0.0/lib/ruby/gems/2.0.0/gems/actionpack-4.0.0/lib/action_dispatch/middleware/templates/rescues/_request_and_response.erb (0.0ms)
  Rendered c:/ProgramFiles/RailsInstaller/Ruby2.0.0/lib/ruby/gems/2.0.0/gems/actionpack-4.0.0/lib/action_dispatch/middleware/templates/rescues/diagnostics.erb within rescues/layout (23.1ms)


Started GET "/" for 127.0.0.1 at 2015-01-08 23:33:42 +0900
Processing by WelcomeController#index as HTML
  Rendered welcome/index.html.erb within layouts/application (3.0ms)
Completed 200 OK in 2479ms (Views: 2460.8ms | ActiveRecord: 0.0ms)


Started GET "/assets/application.css?body=1" for 127.0.0.1 at 2015-01-08 23:33:45 +0900


Started GET "/assets/welcome.css?body=1" for 127.0.0.1 at 2015-01-08 23:33:45 +0900


Started GET "/assets/jquery.js?body=1" for 127.0.0.1 at 2015-01-08 23:33:45 +0900


Started GET "/assets/jquery_ujs.js?body=1" for 127.0.0.1 at 2015-01-08 23:33:45 +0900


Started GET "/assets/turbolinks.js?body=1" for 127.0.0.1 at 2015-01-08 23:33:45 +0900


Started GET "/assets/welcome.js?body=1" for 127.0.0.1 at 2015-01-08 23:33:45 +0900


Started GET "/assets/application.js?body=1" for 127.0.0.1 at 2015-01-08 23:33:45 +0900


Started GET "/" for 127.0.0.1 at 2015-01-08 23:36:26 +0900
Processing by WelcomeController#index as HTML
  Rendered welcome/index.html.erb within layouts/application (0.0ms)
Completed 200 OK in 9ms (Views: 8.0ms | ActiveRecord: 0.0ms)


Started GET "/assets/welcome.css?body=1" for 127.0.0.1 at 2015-01-08 23:36:26 +0900


Started GET "/assets/jquery.js?body=1" for 127.0.0.1 at 2015-01-08 23:36:26 +0900


Started GET "/assets/jquery_ujs.js?body=1" for 127.0.0.1 at 2015-01-08 23:36:26 +0900


Started GET "/assets/application.css?body=1" for 127.0.0.1 at 2015-01-08 23:36:26 +0900


Started GET "/assets/turbolinks.js?body=1" for 127.0.0.1 at 2015-01-08 23:36:26 +0900


Started GET "/assets/welcome.js?body=1" for 127.0.0.1 at 2015-01-08 23:36:26 +0900


Started GET "/assets/application.js?body=1" for 127.0.0.1 at 2015-01-08 23:36:26 +0900


Started GET "/ja" for 127.0.0.1 at 2015-01-08 23:44:24 +0900

ActionController::RoutingError (uninitialized constant YokosoController):
  activesupport (4.0.0) lib/active_support/inflector/methods.rb:226:in `const_get'
  activesupport (4.0.0) lib/active_support/inflector/methods.rb:226:in `block in constantize'
  activesupport (4.0.0) lib/active_support/inflector/methods.rb:224:in `each'
  activesupport (4.0.0) lib/active_support/inflector/methods.rb:224:in `inject'
  activesupport (4.0.0) lib/active_support/inflector/methods.rb:224:in `constantize'
  actionpack (4.0.0) lib/action_dispatch/routing/route_set.rb:76:in `controller_reference'
  actionpack (4.0.0) lib/action_dispatch/routing/route_set.rb:66:in `controller'
  actionpack (4.0.0) lib/action_dispatch/routing/route_set.rb:44:in `call'
  actionpack (4.0.0) lib/action_dispatch/journey/router.rb:71:in `block in call'
  actionpack (4.0.0) lib/action_dispatch/journey/router.rb:59:in `each'
  actionpack (4.0.0) lib/action_dispatch/journey/router.rb:59:in `call'
  actionpack (4.0.0) lib/action_dispatch/routing/route_set.rb:655:in `call'
  rack (1.5.2) lib/rack/etag.rb:23:in `call'
  rack (1.5.2) lib/rack/conditionalget.rb:25:in `call'
  rack (1.5.2) lib/rack/head.rb:11:in `call'
  actionpack (4.0.0) lib/action_dispatch/middleware/params_parser.rb:27:in `call'
  actionpack (4.0.0) lib/action_dispatch/middleware/flash.rb:241:in `call'
  rack (1.5.2) lib/rack/session/abstract/id.rb:225:in `context'
  rack (1.5.2) lib/rack/session/abstract/id.rb:220:in `call'
  actionpack (4.0.0) lib/action_dispatch/middleware/cookies.rb:486:in `call'
  activerecord (4.0.0) lib/active_record/query_cache.rb:36:in `call'
  activerecord (4.0.0) lib/active_record/connection_adapters/abstract/connection_pool.rb:626:in `call'
  activerecord (4.0.0) lib/active_record/migration.rb:369:in `call'
  actionpack (4.0.0) lib/action_dispatch/middleware/callbacks.rb:29:in `block in call'
  activesupport (4.0.0) lib/active_support/callbacks.rb:373:in `_run__996871766__call__callbacks'
  activesupport (4.0.0) lib/active_support/callbacks.rb:80:in `run_callbacks'
  actionpack (4.0.0) lib/action_dispatch/middleware/callbacks.rb:27:in `call'
  actionpack (4.0.0) lib/action_dispatch/middleware/reloader.rb:64:in `call'
  actionpack (4.0.0) lib/action_dispatch/middleware/remote_ip.rb:76:in `call'
  actionpack (4.0.0) lib/action_dispatch/middleware/debug_exceptions.rb:17:in `call'
  actionpack (4.0.0) lib/action_dispatch/middleware/show_exceptions.rb:30:in `call'
  railties (4.0.0) lib/rails/rack/logger.rb:38:in `call_app'
  railties (4.0.0) lib/rails/rack/logger.rb:21:in `block in call'
  activesupport (4.0.0) lib/active_support/tagged_logging.rb:67:in `block in tagged'
  activesupport (4.0.0) lib/active_support/tagged_logging.rb:25:in `tagged'
  activesupport (4.0.0) lib/active_support/tagged_logging.rb:67:in `tagged'
  railties (4.0.0) lib/rails/rack/logger.rb:21:in `call'
  actionpack (4.0.0) lib/action_dispatch/middleware/request_id.rb:21:in `call'
  rack (1.5.2) lib/rack/methodoverride.rb:21:in `call'
  rack (1.5.2) lib/rack/runtime.rb:17:in `call'
  activesupport (4.0.0) lib/active_support/cache/strategy/local_cache.rb:83:in `call'
  rack (1.5.2) lib/rack/lock.rb:17:in `call'
  actionpack (4.0.0) lib/action_dispatch/middleware/static.rb:64:in `call'
  railties (4.0.0) lib/rails/engine.rb:511:in `call'
  railties (4.0.0) lib/rails/application.rb:97:in `call'
  rack (1.5.2) lib/rack/lock.rb:17:in `call'
  rack (1.5.2) lib/rack/content_length.rb:14:in `call'
  rack (1.5.2) lib/rack/handler/webrick.rb:60:in `service'
  c:/ProgramFiles/RailsInstaller/Ruby2.0.0/lib/ruby/2.0.0/webrick/httpserver.rb:138:in `service'
  c:/ProgramFiles/RailsInstaller/Ruby2.0.0/lib/ruby/2.0.0/webrick/httpserver.rb:94:in `run'
  c:/ProgramFiles/RailsInstaller/Ruby2.0.0/lib/ruby/2.0.0/webrick/server.rb:295:in `block in start_thread'


  Rendered c:/ProgramFiles/RailsInstaller/Ruby2.0.0/lib/ruby/gems/2.0.0/gems/actionpack-4.0.0/lib/action_dispatch/middleware/templates/rescues/_trace.erb (1.0ms)
  Rendered c:/ProgramFiles/RailsInstaller/Ruby2.0.0/lib/ruby/gems/2.0.0/gems/actionpack-4.0.0/lib/action_dispatch/middleware/templates/routes/_route.html.erb (2.0ms)
  Rendered c:/ProgramFiles/RailsInstaller/Ruby2.0.0/lib/ruby/gems/2.0.0/gems/actionpack-4.0.0/lib/action_dispatch/middleware/templates/routes/_table.html.erb (19.5ms)
  Rendered c:/ProgramFiles/RailsInstaller/Ruby2.0.0/lib/ruby/gems/2.0.0/gems/actionpack-4.0.0/lib/action_dispatch/middleware/templates/rescues/routing_error.erb within rescues/layout (138.6ms)


Started GET "/ja" for 127.0.0.1 at 2015-01-08 23:44:42 +0900

ActionController::RoutingError (uninitialized constant YokosoController):
  activesupport (4.0.0) lib/active_support/inflector/methods.rb:226:in `const_get'
  activesupport (4.0.0) lib/active_support/inflector/methods.rb:226:in `block in constantize'
  activesupport (4.0.0) lib/active_support/inflector/methods.rb:224:in `each'
  activesupport (4.0.0) lib/active_support/inflector/methods.rb:224:in `inject'
  activesupport (4.0.0) lib/active_support/inflector/methods.rb:224:in `constantize'
  actionpack (4.0.0) lib/action_dispatch/routing/route_set.rb:76:in `controller_reference'
  actionpack (4.0.0) lib/action_dispatch/routing/route_set.rb:66:in `controller'
  actionpack (4.0.0) lib/action_dispatch/routing/route_set.rb:44:in `call'
  actionpack (4.0.0) lib/action_dispatch/journey/router.rb:71:in `block in call'
  actionpack (4.0.0) lib/action_dispatch/journey/router.rb:59:in `each'
  actionpack (4.0.0) lib/action_dispatch/journey/router.rb:59:in `call'
  actionpack (4.0.0) lib/action_dispatch/routing/route_set.rb:655:in `call'
  rack (1.5.2) lib/rack/etag.rb:23:in `call'
  rack (1.5.2) lib/rack/conditionalget.rb:25:in `call'
  rack (1.5.2) lib/rack/head.rb:11:in `call'
  actionpack (4.0.0) lib/action_dispatch/middleware/params_parser.rb:27:in `call'
  actionpack (4.0.0) lib/action_dispatch/middleware/flash.rb:241:in `call'
  rack (1.5.2) lib/rack/session/abstract/id.rb:225:in `context'
  rack (1.5.2) lib/rack/session/abstract/id.rb:220:in `call'
  actionpack (4.0.0) lib/action_dispatch/middleware/cookies.rb:486:in `call'
  activerecord (4.0.0) lib/active_record/query_cache.rb:36:in `call'
  activerecord (4.0.0) lib/active_record/connection_adapters/abstract/connection_pool.rb:626:in `call'
  activerecord (4.0.0) lib/active_record/migration.rb:369:in `call'
  actionpack (4.0.0) lib/action_dispatch/middleware/callbacks.rb:29:in `block in call'
  activesupport (4.0.0) lib/active_support/callbacks.rb:373:in `_run__886022938__call__callbacks'
  activesupport (4.0.0) lib/active_support/callbacks.rb:80:in `run_callbacks'
  actionpack (4.0.0) lib/action_dispatch/middleware/callbacks.rb:27:in `call'
  actionpack (4.0.0) lib/action_dispatch/middleware/reloader.rb:64:in `call'
  actionpack (4.0.0) lib/action_dispatch/middleware/remote_ip.rb:76:in `call'
  actionpack (4.0.0) lib/action_dispatch/middleware/debug_exceptions.rb:17:in `call'
  actionpack (4.0.0) lib/action_dispatch/middleware/show_exceptions.rb:30:in `call'
  railties (4.0.0) lib/rails/rack/logger.rb:38:in `call_app'
  railties (4.0.0) lib/rails/rack/logger.rb:21:in `block in call'
  activesupport (4.0.0) lib/active_support/tagged_logging.rb:67:in `block in tagged'
  activesupport (4.0.0) lib/active_support/tagged_logging.rb:25:in `tagged'
  activesupport (4.0.0) lib/active_support/tagged_logging.rb:67:in `tagged'
  railties (4.0.0) lib/rails/rack/logger.rb:21:in `call'
  actionpack (4.0.0) lib/action_dispatch/middleware/request_id.rb:21:in `call'
  rack (1.5.2) lib/rack/methodoverride.rb:21:in `call'
  rack (1.5.2) lib/rack/runtime.rb:17:in `call'
  activesupport (4.0.0) lib/active_support/cache/strategy/local_cache.rb:83:in `call'
  rack (1.5.2) lib/rack/lock.rb:17:in `call'
  actionpack (4.0.0) lib/action_dispatch/middleware/static.rb:64:in `call'
  railties (4.0.0) lib/rails/engine.rb:511:in `call'
  railties (4.0.0) lib/rails/application.rb:97:in `call'
  rack (1.5.2) lib/rack/lock.rb:17:in `call'
  rack (1.5.2) lib/rack/content_length.rb:14:in `call'
  rack (1.5.2) lib/rack/handler/webrick.rb:60:in `service'
  c:/ProgramFiles/RailsInstaller/Ruby2.0.0/lib/ruby/2.0.0/webrick/httpserver.rb:138:in `service'
  c:/ProgramFiles/RailsInstaller/Ruby2.0.0/lib/ruby/2.0.0/webrick/httpserver.rb:94:in `run'
  c:/ProgramFiles/RailsInstaller/Ruby2.0.0/lib/ruby/2.0.0/webrick/server.rb:295:in `block in start_thread'


  Rendered c:/ProgramFiles/RailsInstaller/Ruby2.0.0/lib/ruby/gems/2.0.0/gems/actionpack-4.0.0/lib/action_dispatch/middleware/templates/rescues/_trace.erb (0.0ms)
  Rendered c:/ProgramFiles/RailsInstaller/Ruby2.0.0/lib/ruby/gems/2.0.0/gems/actionpack-4.0.0/lib/action_dispatch/middleware/templates/routes/_route.html.erb (0.0ms)
  Rendered c:/ProgramFiles/RailsInstaller/Ruby2.0.0/lib/ruby/gems/2.0.0/gems/actionpack-4.0.0/lib/action_dispatch/middleware/templates/routes/_table.html.erb (4.0ms)
  Rendered c:/ProgramFiles/RailsInstaller/Ruby2.0.0/lib/ruby/gems/2.0.0/gems/actionpack-4.0.0/lib/action_dispatch/middleware/templates/rescues/routing_error.erb within rescues/layout (31.0ms)


Started GET "/ja" for 127.0.0.1 at 2015-01-08 23:46:17 +0900
Processing by YokosoController#index as HTML
  Rendered yokoso/index.html.erb within layouts/application (2.0ms)
Completed 200 OK in 68ms (Views: 43.0ms | ActiveRecord: 0.0ms)


Started GET "/assets/application.css?body=1" for 127.0.0.1 at 2015-01-08 23:46:17 +0900


Started GET "/assets/turbolinks.js?body=1" for 127.0.0.1 at 2015-01-08 23:46:17 +0900


Started GET "/assets/jquery_ujs.js?body=1" for 127.0.0.1 at 2015-01-08 23:46:17 +0900


Started GET "/assets/welcome.css?body=1" for 127.0.0.1 at 2015-01-08 23:46:17 +0900


Started GET "/assets/jquery.js?body=1" for 127.0.0.1 at 2015-01-08 23:46:17 +0900


Started GET "/assets/welcome.js?body=1" for 127.0.0.1 at 2015-01-08 23:46:17 +0900


Started GET "/assets/application.js?body=1" for 127.0.0.1 at 2015-01-08 23:46:17 +0900


Started GET "/de" for 127.0.0.1 at 2015-01-08 23:48:50 +0900
Processing by WillkommenController#index as HTML
  Rendered willkommen/index.html.erb within layouts/application (0.0ms)
Completed 200 OK in 5ms (Views: 4.0ms | ActiveRecord: 0.0ms)


Started GET "/assets/jquery_ujs.js?body=1" for 127.0.0.1 at 2015-01-08 23:48:50 +0900


Started GET "/assets/turbolinks.js?body=1" for 127.0.0.1 at 2015-01-08 23:48:50 +0900


Started GET "/assets/jquery.js?body=1" for 127.0.0.1 at 2015-01-08 23:48:50 +0900


Started GET "/assets/welcome.css?body=1" for 127.0.0.1 at 2015-01-08 23:48:50 +0900


Started GET "/assets/welcome.js?body=1" for 127.0.0.1 at 2015-01-08 23:48:50 +0900


Started GET "/assets/application.css?body=1" for 127.0.0.1 at 2015-01-08 23:48:50 +0900


Started GET "/assets/application.js?body=1" for 127.0.0.1 at 2015-01-08 23:48:50 +0900


Started GET "/" for 127.0.0.1 at 2015-01-09 00:17:39 +0900
Processing by WelcomeController#index as HTML
Completed 500 Internal Server Error in 1ms

TypeError (no implicit conversion of nil into String):
  app/controllers/application_controller.rb:10:in `+'
  app/controllers/application_controller.rb:10:in `set_locale'


  Rendered c:/ProgramFiles/RailsInstaller/Ruby2.0.0/lib/ruby/gems/2.0.0/gems/actionpack-4.0.0/lib/action_dispatch/middleware/templates/rescues/_source.erb (0.0ms)
  Rendered c:/ProgramFiles/RailsInstaller/Ruby2.0.0/lib/ruby/gems/2.0.0/gems/actionpack-4.0.0/lib/action_dispatch/middleware/templates/rescues/_trace.erb (1.0ms)
  Rendered c:/ProgramFiles/RailsInstaller/Ruby2.0.0/lib/ruby/gems/2.0.0/gems/actionpack-4.0.0/lib/action_dispatch/middleware/templates/rescues/_request_and_response.erb (0.0ms)
  Rendered c:/ProgramFiles/RailsInstaller/Ruby2.0.0/lib/ruby/gems/2.0.0/gems/actionpack-4.0.0/lib/action_dispatch/middleware/templates/rescues/diagnostics.erb within rescues/layout (30.8ms)


Started GET "/" for 127.0.0.1 at 2015-01-09 00:19:29 +0900
Processing by WelcomeController#index as HTML
parsed_locale: 
  Rendered welcome/index.html.erb within layouts/application (1.0ms)
Completed 200 OK in 34ms (Views: 11.3ms | ActiveRecord: 0.0ms)


Started GET "/assets/jquery.js?body=1" for 127.0.0.1 at 2015-01-09 00:19:29 +0900


Started GET "/assets/turbolinks.js?body=1" for 127.0.0.1 at 2015-01-09 00:19:29 +0900


Started GET "/assets/welcome.css?body=1" for 127.0.0.1 at 2015-01-09 00:19:29 +0900


Started GET "/assets/jquery_ujs.js?body=1" for 127.0.0.1 at 2015-01-09 00:19:29 +0900


Started GET "/assets/application.css?body=1" for 127.0.0.1 at 2015-01-09 00:19:29 +0900


Started GET "/assets/welcome.js?body=1" for 127.0.0.1 at 2015-01-09 00:19:29 +0900


Started GET "/assets/application.js?body=1" for 127.0.0.1 at 2015-01-09 00:19:29 +0900


Started GET "/" for 127.0.0.1 at 2015-01-09 00:19:43 +0900
Processing by WelcomeController#index as HTML
parsed_locale: 
  Rendered welcome/index.html.erb within layouts/application (2.0ms)
Completed 200 OK in 60ms (Views: 41.0ms | ActiveRecord: 0.0ms)


Started GET "/assets/application.css?body=1" for 127.0.0.1 at 2015-01-09 00:19:44 +0900


Started GET "/assets/jquery_ujs.js?body=1" for 127.0.0.1 at 2015-01-09 00:19:44 +0900


Started GET "/assets/welcome.css?body=1" for 127.0.0.1 at 2015-01-09 00:19:44 +0900


Started GET "/assets/jquery.js?body=1" for 127.0.0.1 at 2015-01-09 00:19:44 +0900


Started GET "/assets/welcome.js?body=1" for 127.0.0.1 at 2015-01-09 00:19:44 +0900


Started GET "/assets/turbolinks.js?body=1" for 127.0.0.1 at 2015-01-09 00:19:44 +0900


Started GET "/assets/application.js?body=1" for 127.0.0.1 at 2015-01-09 00:19:44 +0900


Started GET "/" for 127.0.0.1 at 2015-01-09 00:20:02 +0900
Processing by WelcomeController#index as HTML
parsed_locale: 
  Rendered welcome/index.html.erb within layouts/application (1.0ms)
Completed 200 OK in 5ms (Views: 4.0ms | ActiveRecord: 0.0ms)


Started GET "/assets/welcome.css?body=1" for 127.0.0.1 at 2015-01-09 00:20:02 +0900


Started GET "/assets/welcome.js?body=1" for 127.0.0.1 at 2015-01-09 00:20:02 +0900


Started GET "/assets/turbolinks.js?body=1" for 127.0.0.1 at 2015-01-09 00:20:02 +0900


Started GET "/assets/application.css?body=1" for 127.0.0.1 at 2015-01-09 00:20:02 +0900


Started GET "/assets/jquery_ujs.js?body=1" for 127.0.0.1 at 2015-01-09 00:20:02 +0900


Started GET "/assets/jquery.js?body=1" for 127.0.0.1 at 2015-01-09 00:20:02 +0900


Started GET "/assets/application.js?body=1" for 127.0.0.1 at 2015-01-09 00:20:02 +0900


Started GET "/" for 127.0.0.1 at 2015-01-09 00:21:18 +0900
Processing by WelcomeController#index as HTML
parsed_locale: 
  Rendered welcome/index.html.erb within layouts/application (1.0ms)
Completed 200 OK in 5ms (Views: 4.0ms | ActiveRecord: 0.0ms)


Started GET "/assets/turbolinks.js?body=1" for 127.0.0.1 at 2015-01-09 00:21:18 +0900


Started GET "/assets/welcome.css?body=1" for 127.0.0.1 at 2015-01-09 00:21:18 +0900


Started GET "/assets/jquery.js?body=1" for 127.0.0.1 at 2015-01-09 00:21:18 +0900


Started GET "/assets/welcome.js?body=1" for 127.0.0.1 at 2015-01-09 00:21:18 +0900


Started GET "/assets/jquery_ujs.js?body=1" for 127.0.0.1 at 2015-01-09 00:21:18 +0900


Started GET "/assets/application.js?body=1" for 127.0.0.1 at 2015-01-09 00:21:18 +0900


Started GET "/assets/application.css?body=1" for 127.0.0.1 at 2015-01-09 00:21:18 +0900


Started GET "/" for 127.0.0.1 at 2015-01-09 00:28:23 +0900
Processing by WelcomeController#index as HTML
parsed_locale: 
  Rendered welcome/index.html.erb within layouts/application (2.0ms)
Completed 200 OK in 60ms (Views: 40.6ms | ActiveRecord: 0.0ms)


Started GET "/assets/application.css?body=1" for 127.0.0.1 at 2015-01-09 00:28:23 +0900


Started GET "/assets/jquery_ujs.js?body=1" for 127.0.0.1 at 2015-01-09 00:28:23 +0900


Started GET "/assets/jquery.js?body=1" for 127.0.0.1 at 2015-01-09 00:28:23 +0900


Started GET "/assets/welcome.css?body=1" for 127.0.0.1 at 2015-01-09 00:28:23 +0900


Started GET "/assets/turbolinks.js?body=1" for 127.0.0.1 at 2015-01-09 00:28:23 +0900


Started GET "/assets/welcome.js?body=1" for 127.0.0.1 at 2015-01-09 00:28:23 +0900


Started GET "/assets/application.js?body=1" for 127.0.0.1 at 2015-01-09 00:28:23 +0900


Started GET "/" for 127.0.0.1 at 2015-01-09 00:32:39 +0900
Processing by WelcomeController#index as HTML
parsed_locale: 
  Rendered welcome/index.html.erb within layouts/application (1.0ms)
Completed 200 OK in 4ms (Views: 3.4ms | ActiveRecord: 0.0ms)


Started GET "/assets/application.css?body=1" for 127.0.0.1 at 2015-01-09 00:32:39 +0900


Started GET "/assets/welcome.css?body=1" for 127.0.0.1 at 2015-01-09 00:32:39 +0900


Started GET "/assets/jquery_ujs.js?body=1" for 127.0.0.1 at 2015-01-09 00:32:39 +0900


Started GET "/assets/jquery.js?body=1" for 127.0.0.1 at 2015-01-09 00:32:39 +0900


Started GET "/assets/turbolinks.js?body=1" for 127.0.0.1 at 2015-01-09 00:32:39 +0900


Started GET "/assets/welcome.js?body=1" for 127.0.0.1 at 2015-01-09 00:32:39 +0900


Started GET "/assets/application.js?body=1" for 127.0.0.1 at 2015-01-09 00:32:39 +0900


Started GET "/" for 127.0.0.1 at 2015-01-09 00:34:14 +0900
Processing by WelcomeController#index as HTML
parsed_locale: 
  Rendered welcome/index.html.erb within layouts/application (1.0ms)
Completed 200 OK in 14ms (Views: 12.3ms | ActiveRecord: 0.0ms)


Started GET "/assets/application.css?body=1" for 127.0.0.1 at 2015-01-09 00:34:15 +0900


Started GET "/assets/jquery_ujs.js?body=1" for 127.0.0.1 at 2015-01-09 00:34:15 +0900


Started GET "/assets/jquery.js?body=1" for 127.0.0.1 at 2015-01-09 00:34:15 +0900


Started GET "/assets/welcome.css?body=1" for 127.0.0.1 at 2015-01-09 00:34:15 +0900


Started GET "/assets/application.js?body=1" for 127.0.0.1 at 2015-01-09 00:34:15 +0900


Started GET "/assets/turbolinks.js?body=1" for 127.0.0.1 at 2015-01-09 00:34:15 +0900


Started GET "/assets/welcome.js?body=1" for 127.0.0.1 at 2015-01-09 00:34:15 +0900


Started GET "/" for 127.0.0.1 at 2015-01-09 00:35:24 +0900
Processing by WelcomeController#index as HTML
subdomains: []
parsed_locale: 
  Rendered welcome/index.html.erb within layouts/application (1.0ms)
Completed 200 OK in 6ms (Views: 5.0ms | ActiveRecord: 0.0ms)


Started GET "/assets/application.css?body=1" for 127.0.0.1 at 2015-01-09 00:35:24 +0900


Started GET "/assets/turbolinks.js?body=1" for 127.0.0.1 at 2015-01-09 00:35:24 +0900


Started GET "/assets/welcome.js?body=1" for 127.0.0.1 at 2015-01-09 00:35:24 +0900


Started GET "/assets/welcome.css?body=1" for 127.0.0.1 at 2015-01-09 00:35:24 +0900


Started GET "/assets/jquery.js?body=1" for 127.0.0.1 at 2015-01-09 00:35:24 +0900


Started GET "/assets/application.js?body=1" for 127.0.0.1 at 2015-01-09 00:35:24 +0900


Started GET "/assets/jquery_ujs.js?body=1" for 127.0.0.1 at 2015-01-09 00:35:24 +0900


Started GET "/" for 127.0.0.1 at 2015-01-09 00:35:35 +0900
Processing by WelcomeController#index as HTML
subdomains: 
parsed_locale: 
  Rendered welcome/index.html.erb within layouts/application (0.0ms)
Completed 200 OK in 5ms (Views: 4.3ms | ActiveRecord: 0.0ms)


Started GET "/assets/turbolinks.js?body=1" for 127.0.0.1 at 2015-01-09 00:35:35 +0900


Started GET "/assets/welcome.js?body=1" for 127.0.0.1 at 2015-01-09 00:35:35 +0900


Started GET "/assets/jquery.js?body=1" for 127.0.0.1 at 2015-01-09 00:35:35 +0900


Started GET "/assets/welcome.css?body=1" for 127.0.0.1 at 2015-01-09 00:35:35 +0900


Started GET "/assets/application.css?body=1" for 127.0.0.1 at 2015-01-09 00:35:35 +0900


Started GET "/assets/jquery_ujs.js?body=1" for 127.0.0.1 at 2015-01-09 00:35:35 +0900


Started GET "/assets/application.js?body=1" for 127.0.0.1 at 2015-01-09 00:35:35 +0900


Started GET "/" for 127.0.0.1 at 2015-01-09 00:35:47 +0900
Processing by WelcomeController#index as HTML
subdomains: #<ActionDispatch::Request:0x38b73e8>
parsed_locale: 
  Rendered welcome/index.html.erb within layouts/application (0.0ms)
Completed 200 OK in 5ms (Views: 3.0ms | ActiveRecord: 0.0ms)


Started GET "/assets/turbolinks.js?body=1" for 127.0.0.1 at 2015-01-09 00:35:47 +0900


Started GET "/assets/jquery_ujs.js?body=1" for 127.0.0.1 at 2015-01-09 00:35:47 +0900


Started GET "/assets/application.css?body=1" for 127.0.0.1 at 2015-01-09 00:35:47 +0900


Started GET "/assets/jquery.js?body=1" for 127.0.0.1 at 2015-01-09 00:35:47 +0900


Started GET "/assets/welcome.css?body=1" for 127.0.0.1 at 2015-01-09 00:35:47 +0900


Started GET "/assets/welcome.js?body=1" for 127.0.0.1 at 2015-01-09 00:35:47 +0900


Started GET "/assets/application.js?body=1" for 127.0.0.1 at 2015-01-09 00:35:47 +0900


Started GET "/" for 127.0.0.1 at 2015-01-09 00:41:42 +0900
Processing by WelcomeController#index as HTML
subdomains: de.localhost
parsed_locale: 
  Rendered welcome/index.html.erb within layouts/application (0.0ms)
Completed 200 OK in 5ms (Views: 4.0ms | ActiveRecord: 0.0ms)


Started GET "/assets/application.css?body=1" for 127.0.0.1 at 2015-01-09 00:41:42 +0900


Started GET "/assets/turbolinks.js?body=1" for 127.0.0.1 at 2015-01-09 00:41:42 +0900


Started GET "/assets/welcome.css?body=1" for 127.0.0.1 at 2015-01-09 00:41:42 +0900


Started GET "/assets/jquery.js?body=1" for 127.0.0.1 at 2015-01-09 00:41:42 +0900


Started GET "/assets/welcome.js?body=1" for 127.0.0.1 at 2015-01-09 00:41:42 +0900


Started GET "/assets/jquery_ujs.js?body=1" for 127.0.0.1 at 2015-01-09 00:41:42 +0900


Started GET "/assets/application.js?body=1" for 127.0.0.1 at 2015-01-09 00:41:42 +0900


Started GET "/" for 127.0.0.1 at 2015-01-09 00:43:11 +0900
Processing by WelcomeController#index as HTML
subdomains: de.localhost
parsed_locale: de.localhost
  Rendered welcome/index.html.erb within layouts/application (0.0ms)
Completed 200 OK in 5ms (Views: 3.9ms | ActiveRecord: 0.0ms)


Started GET "/assets/turbolinks.js?body=1" for 127.0.0.1 at 2015-01-09 00:43:11 +0900


Started GET "/assets/jquery.js?body=1" for 127.0.0.1 at 2015-01-09 00:43:11 +0900


Started GET "/assets/welcome.css?body=1" for 127.0.0.1 at 2015-01-09 00:43:11 +0900


Started GET "/assets/welcome.js?body=1" for 127.0.0.1 at 2015-01-09 00:43:11 +0900


Started GET "/assets/jquery_ujs.js?body=1" for 127.0.0.1 at 2015-01-09 00:43:11 +0900


Started GET "/assets/application.css?body=1" for 127.0.0.1 at 2015-01-09 00:43:11 +0900


Started GET "/assets/application.js?body=1" for 127.0.0.1 at 2015-01-09 00:43:11 +0900


Started GET "/" for 127.0.0.1 at 2015-01-09 00:43:58 +0900
Processing by WelcomeController#index as HTML
subdomains: d
parsed_locale: d
  Rendered welcome/index.html.erb within layouts/application (0.0ms)
Completed 200 OK in 5ms (Views: 4.0ms | ActiveRecord: 0.0ms)


Started GET "/assets/application.css?body=1" for 127.0.0.1 at 2015-01-09 00:43:58 +0900


Started GET "/assets/jquery_ujs.js?body=1" for 127.0.0.1 at 2015-01-09 00:43:58 +0900


Started GET "/assets/turbolinks.js?body=1" for 127.0.0.1 at 2015-01-09 00:43:58 +0900


Started GET "/assets/welcome.js?body=1" for 127.0.0.1 at 2015-01-09 00:43:58 +0900


Started GET "/assets/jquery.js?body=1" for 127.0.0.1 at 2015-01-09 00:43:58 +0900


Started GET "/assets/welcome.css?body=1" for 127.0.0.1 at 2015-01-09 00:43:58 +0900


Started GET "/assets/application.js?body=1" for 127.0.0.1 at 2015-01-09 00:43:58 +0900


Started GET "/" for 127.0.0.1 at 2015-01-09 00:45:04 +0900
Processing by WelcomeController#index as HTML
subdomains: de
parsed_locale: de
  Rendered welcome/index.html.erb within layouts/application (1.0ms)
Completed 200 OK in 6ms (Views: 5.0ms | ActiveRecord: 0.0ms)


Started GET "/assets/welcome.css?body=1" for 127.0.0.1 at 2015-01-09 00:45:04 +0900


Started GET "/assets/jquery.js?body=1" for 127.0.0.1 at 2015-01-09 00:45:04 +0900


Started GET "/assets/jquery_ujs.js?body=1" for 127.0.0.1 at 2015-01-09 00:45:04 +0900


Started GET "/assets/application.css?body=1" for 127.0.0.1 at 2015-01-09 00:45:04 +0900


Started GET "/assets/application.js?body=1" for 127.0.0.1 at 2015-01-09 00:45:04 +0900


Started GET "/assets/turbolinks.js?body=1" for 127.0.0.1 at 2015-01-09 00:45:04 +0900


Started GET "/assets/welcome.js?body=1" for 127.0.0.1 at 2015-01-09 00:45:04 +0900


Started GET "/" for 127.0.0.1 at 2015-01-09 00:45:09 +0900
Processing by WelcomeController#index as HTML
subdomains: en
parsed_locale: en
  Rendered welcome/index.html.erb within layouts/application (0.0ms)
Completed 200 OK in 5ms (Views: 4.1ms | ActiveRecord: 0.0ms)


Started GET "/assets/application.css?body=1" for 127.0.0.1 at 2015-01-09 00:45:09 +0900


Started GET "/assets/welcome.css?body=1" for 127.0.0.1 at 2015-01-09 00:45:09 +0900


Started GET "/assets/jquery.js?body=1" for 127.0.0.1 at 2015-01-09 00:45:09 +0900


Started GET "/assets/jquery_ujs.js?body=1" for 127.0.0.1 at 2015-01-09 00:45:09 +0900


Started GET "/assets/welcome.js?body=1" for 127.0.0.1 at 2015-01-09 00:45:09 +0900


Started GET "/assets/turbolinks.js?body=1" for 127.0.0.1 at 2015-01-09 00:45:09 +0900


Started GET "/assets/application.js?body=1" for 127.0.0.1 at 2015-01-09 00:45:09 +0900


Started GET "/" for 127.0.0.1 at 2015-01-09 00:46:35 +0900
Processing by WelcomeController#index as HTML
subdomains: ja
parsed_locale: ja
  Rendered welcome/index.html.erb within layouts/application (1.0ms)
Completed 200 OK in 4ms (Views: 3.0ms | ActiveRecord: 0.0ms)


Started GET "/assets/application.css?body=1" for 127.0.0.1 at 2015-01-09 00:46:35 +0900


Started GET "/assets/welcome.css?body=1" for 127.0.0.1 at 2015-01-09 00:46:35 +0900


Started GET "/assets/jquery.js?body=1" for 127.0.0.1 at 2015-01-09 00:46:35 +0900


Started GET "/assets/jquery_ujs.js?body=1" for 127.0.0.1 at 2015-01-09 00:46:35 +0900


Started GET "/assets/welcome.js?body=1" for 127.0.0.1 at 2015-01-09 00:46:35 +0900


Started GET "/assets/turbolinks.js?body=1" for 127.0.0.1 at 2015-01-09 00:46:35 +0900


Started GET "/assets/application.js?body=1" for 127.0.0.1 at 2015-01-09 00:46:35 +0900


Started GET "/" for 127.0.0.1 at 2015-01-09 00:54:35 +0900
Processing by WelcomeController#index as HTML
Request in lang:  -> set to ja
  Rendered welcome/index.html.erb within layouts/application (2.0ms)
Completed 200 OK in 62ms (Views: 43.0ms | ActiveRecord: 0.0ms)


Started GET "/assets/application.css?body=1" for 127.0.0.1 at 2015-01-09 00:54:35 +0900


Started GET "/assets/jquery.js?body=1" for 127.0.0.1 at 2015-01-09 00:54:35 +0900


Started GET "/assets/welcome.css?body=1" for 127.0.0.1 at 2015-01-09 00:54:35 +0900


Started GET "/assets/jquery_ujs.js?body=1" for 127.0.0.1 at 2015-01-09 00:54:35 +0900


Started GET "/assets/welcome.js?body=1" for 127.0.0.1 at 2015-01-09 00:54:35 +0900


Started GET "/assets/turbolinks.js?body=1" for 127.0.0.1 at 2015-01-09 00:54:35 +0900


Started GET "/assets/application.js?body=1" for 127.0.0.1 at 2015-01-09 00:54:35 +0900


Started GET "/?lang=de" for 127.0.0.1 at 2015-01-09 00:54:43 +0900
Processing by WelcomeController#index as HTML
  Parameters: {"lang"=>"de"}
Request in lang: de -> set to de
  Rendered welcome/index.html.erb within layouts/application (0.0ms)
Completed 200 OK in 5ms (Views: 4.0ms | ActiveRecord: 0.0ms)


Started GET "/assets/jquery_ujs.js?body=1" for 127.0.0.1 at 2015-01-09 00:54:43 +0900


Started GET "/assets/turbolinks.js?body=1" for 127.0.0.1 at 2015-01-09 00:54:43 +0900


Started GET "/assets/welcome.css?body=1" for 127.0.0.1 at 2015-01-09 00:54:43 +0900


Started GET "/assets/jquery.js?body=1" for 127.0.0.1 at 2015-01-09 00:54:43 +0900


Started GET "/assets/application.css?body=1" for 127.0.0.1 at 2015-01-09 00:54:43 +0900


Started GET "/assets/welcome.js?body=1" for 127.0.0.1 at 2015-01-09 00:54:43 +0900


Started GET "/assets/application.js?body=1" for 127.0.0.1 at 2015-01-09 00:54:43 +0900


Started GET "/?l=de&what=yeah" for 127.0.0.1 at 2015-01-09 00:55:18 +0900
Processing by WelcomeController#index as HTML
  Parameters: {"l"=>"de", "what"=>"yeah"}
Request in lang: de -> set to de
  Rendered welcome/index.html.erb within layouts/application (0.0ms)
Completed 200 OK in 9ms (Views: 7.0ms | ActiveRecord: 0.0ms)


Started GET "/assets/application.css?body=1" for 127.0.0.1 at 2015-01-09 00:55:19 +0900


Started GET "/assets/welcome.css?body=1" for 127.0.0.1 at 2015-01-09 00:55:19 +0900


Started GET "/assets/jquery.js?body=1" for 127.0.0.1 at 2015-01-09 00:55:19 +0900


Started GET "/assets/jquery_ujs.js?body=1" for 127.0.0.1 at 2015-01-09 00:55:19 +0900


Started GET "/assets/turbolinks.js?body=1" for 127.0.0.1 at 2015-01-09 00:55:19 +0900


Started GET "/assets/welcome.js?body=1" for 127.0.0.1 at 2015-01-09 00:55:19 +0900


Started GET "/assets/application.js?body=1" for 127.0.0.1 at 2015-01-09 00:55:19 +0900
